c:\users\harrison\documents\typing-tutor\debug\vc120.pdb
c:\users\harrison\documents\typing-tutor\debug\tutor.obj
c:\users\harrison\documents\typing-tutor\debug\myform.obj
c:\users\harrison\documents\typing-tutor\debug\.netframework,version=v4.5.assemblyattributes.obj
c:\users\harrison\documents\typing-tutor\debug\$safeprojectname$.myform.resources
c:\users\harrison\documents\typing-tutor\debug\cs113formsproject.exe
c:\users\harrison\documents\typing-tutor\debug\cs113formsproject.pdb
c:\users\harrison\documents\typing-tutor\debug\project1.vcxproj.generateresource.cache
c:\users\harrison\documents\typing-tutor\debug\project1.vcxprojresolveassemblyreference.cache
c:\users\harrison\documents\typing-tutor\debug\cs113formsproject.exe.metagen
c:\users\harrison\documents\typing-tutor\debug\cs113for.d9de65a6.tlog\cl.command.1.tlog
c:\users\harrison\documents\typing-tutor\debug\cs113for.d9de65a6.tlog\cl.read.1.tlog
c:\users\harrison\documents\typing-tutor\debug\cs113for.d9de65a6.tlog\cl.write.1.tlog
c:\users\harrison\documents\typing-tutor\debug\cs113for.d9de65a6.tlog\cs113formsproject.write.1u.tlog
c:\users\harrison\documents\typing-tutor\debug\cs113for.d9de65a6.tlog\link.command.1.tlog
c:\users\harrison\documents\typing-tutor\debug\cs113for.d9de65a6.tlog\link.read.1.tlog
c:\users\harrison\documents\typing-tutor\debug\cs113for.d9de65a6.tlog\link.write.1.tlog
c:\users\harrison\documents\typing-tutor\debug\cs113for.d9de65a6.tlog\metagen.read.1.tlog
c:\users\harrison\documents\typing-tutor\debug\cs113for.d9de65a6.tlog\metagen.write.1.tlog
c:\users\harrison\documents\typing-tutor\debug\cs113for.d9de65a6.tlog\rsaenh.dll.bi
c:\users\harrison\documents\typing-tutor\debug\cs113for.d9de65a6.tlog\tzres.dll.bi
